2021-12-15 22:12:47 INFO  ManageDriver :32 - Launching Chrome Browser
2021-12-15 22:12:685 INFO  HomePage :95 - Click on Search Option Button : [[ChromeDriver: chrome on WINDOWS (243a896928111b581b683d20a874335b)] -> xpath: //button[@id='toggle-hp-search']]
2021-12-15 22:12:865 INFO  HomePage :72 - Enter job title [[ChromeDriver: chrome on WINDOWS (243a896928111b581b683d20a874335b)] -> xpath: //input[@id='keywords']]
2021-12-15 22:12:846 INFO  HomePage :79 - Enter job Location [[ChromeDriver: chrome on WINDOWS (243a896928111b581b683d20a874335b)] -> xpath: //input[@id='location']]
2021-12-15 22:12:467 INFO  HomePage :86 - select Distance : [[ChromeDriver: chrome on WINDOWS (243a896928111b581b683d20a874335b)] -> xpath: //select[@id='distance']]
2021-12-15 22:12:868 INFO  HomePage :102 - Click on Search Option Button : [[ChromeDriver: chrome on WINDOWS (243a896928111b581b683d20a874335b)] -> xpath: //input[@id='salarymin']]
2021-12-15 22:12:96 INFO  HomePage :111 - Click on Search Option Button : [[ChromeDriver: chrome on WINDOWS (243a896928111b581b683d20a874335b)] -> xpath: //input[@id='salarymax']]
2021-12-15 22:12:283 INFO  HomePage :118 - Select Salary type : [[ChromeDriver: chrome on WINDOWS (243a896928111b581b683d20a874335b)] -> xpath: //select[@id='salarytype']]
2021-12-15 22:12:503 INFO  HomePage :125 - Select Job type : [[ChromeDriver: chrome on WINDOWS (243a896928111b581b683d20a874335b)] -> xpath: //select[@id='tempperm']]
2021-12-15 22:12:780 INFO  HomePage :132 - Click on 'ADD TO CART' Button[[ChromeDriver: chrome on WINDOWS (243a896928111b581b683d20a874335b)] -> xpath: //input[contains(@id,'hp-search-btn')]]
2021-12-15 22:12:299 INFO  ManageDriver :32 - Launching Chrome Browser
2021-12-15 22:12:464 INFO  HomePage :95 - Click on Search Option Button : [[ChromeDriver: chrome on WINDOWS (1efb6f5492871f5afa3f5fe7bb5dc22b)] -> xpath: //button[@id='toggle-hp-search']]
2021-12-15 22:12:65 INFO  HomePage :72 - Enter job title [[ChromeDriver: chrome on WINDOWS (1efb6f5492871f5afa3f5fe7bb5dc22b)] -> xpath: //input[@id='keywords']]
2021-12-15 22:12:50 INFO  HomePage :79 - Enter job Location [[ChromeDriver: chrome on WINDOWS (1efb6f5492871f5afa3f5fe7bb5dc22b)] -> xpath: //input[@id='location']]
2021-12-15 22:12:415 INFO  HomePage :86 - select Distance : [[ChromeDriver: chrome on WINDOWS (1efb6f5492871f5afa3f5fe7bb5dc22b)] -> xpath: //select[@id='distance']]
2021-12-15 22:12:657 INFO  HomePage :102 - Click on Search Option Button : [[ChromeDriver: chrome on WINDOWS (1efb6f5492871f5afa3f5fe7bb5dc22b)] -> xpath: //input[@id='salarymin']]
2021-12-15 22:12:858 INFO  HomePage :111 - Click on Search Option Button : [[ChromeDriver: chrome on WINDOWS (1efb6f5492871f5afa3f5fe7bb5dc22b)] -> xpath: //input[@id='salarymax']]
2021-12-15 22:12:64 INFO  HomePage :118 - Select Salary type : [[ChromeDriver: chrome on WINDOWS (1efb6f5492871f5afa3f5fe7bb5dc22b)] -> xpath: //select[@id='salarytype']]
2021-12-15 22:12:278 INFO  HomePage :125 - Select Job type : [[ChromeDriver: chrome on WINDOWS (1efb6f5492871f5afa3f5fe7bb5dc22b)] -> xpath: //select[@id='tempperm']]
2021-12-15 22:12:522 INFO  HomePage :132 - Click on 'ADD TO CART' Button[[ChromeDriver: chrome on WINDOWS (1efb6f5492871f5afa3f5fe7bb5dc22b)] -> xpath: //input[contains(@id,'hp-search-btn')]]
2021-12-15 22:12:537 INFO  ResultPage :37 - Result message: [[[ChromeDriver: chrome on WINDOWS (1efb6f5492871f5afa3f5fe7bb5dc22b)] -> class: search-header__title]]
2021-12-15 22:12:880 INFO  ManageDriver :32 - Launching Chrome Browser
2021-12-15 22:12:770 INFO  HomePage :95 - Click on Search Option Button : [[ChromeDriver: chrome on WINDOWS (0c22f81024d183faff172ecee6485179)] -> xpath: //button[@id='toggle-hp-search']]
2021-12-15 22:12:900 INFO  HomePage :72 - Enter job title [[ChromeDriver: chrome on WINDOWS (0c22f81024d183faff172ecee6485179)] -> xpath: //input[@id='keywords']]
2021-12-15 22:12:675 INFO  HomePage :79 - Enter job Location [[ChromeDriver: chrome on WINDOWS (0c22f81024d183faff172ecee6485179)] -> xpath: //input[@id='location']]
2021-12-15 22:12:183 INFO  HomePage :86 - select Distance : [[ChromeDriver: chrome on WINDOWS (0c22f81024d183faff172ecee6485179)] -> xpath: //select[@id='distance']]
2021-12-15 22:12:551 INFO  HomePage :102 - Click on Search Option Button : [[ChromeDriver: chrome on WINDOWS (0c22f81024d183faff172ecee6485179)] -> xpath: //input[@id='salarymin']]
2021-12-15 22:12:779 INFO  HomePage :111 - Click on Search Option Button : [[ChromeDriver: chrome on WINDOWS (0c22f81024d183faff172ecee6485179)] -> xpath: //input[@id='salarymax']]
2021-12-15 22:12:61 INFO  HomePage :118 - Select Salary type : [[ChromeDriver: chrome on WINDOWS (0c22f81024d183faff172ecee6485179)] -> xpath: //select[@id='salarytype']]
2021-12-15 22:12:330 INFO  HomePage :125 - Select Job type : [[ChromeDriver: chrome on WINDOWS (0c22f81024d183faff172ecee6485179)] -> xpath: //select[@id='tempperm']]
2021-12-15 22:12:564 INFO  HomePage :132 - Click on 'ADD TO CART' Button[[ChromeDriver: chrome on WINDOWS (0c22f81024d183faff172ecee6485179)] -> xpath: //input[contains(@id,'hp-search-btn')]]
2021-12-15 22:12:877 INFO  ManageDriver :32 - Launching Chrome Browser
2021-12-15 22:12:153 INFO  HomePage :95 - Click on Search Option Button : [[ChromeDriver: chrome on WINDOWS (78264be5d3a0e885cfd19c4a85d30336)] -> xpath: //button[@id='toggle-hp-search']]
2021-12-15 22:12:863 INFO  HomePage :72 - Enter job title [[ChromeDriver: chrome on WINDOWS (78264be5d3a0e885cfd19c4a85d30336)] -> xpath: //input[@id='keywords']]
2021-12-15 22:12:120 INFO  HomePage :79 - Enter job Location [[ChromeDriver: chrome on WINDOWS (78264be5d3a0e885cfd19c4a85d30336)] -> xpath: //input[@id='location']]
2021-12-15 22:12:342 INFO  HomePage :86 - select Distance : [[ChromeDriver: chrome on WINDOWS (78264be5d3a0e885cfd19c4a85d30336)] -> xpath: //select[@id='distance']]
2021-12-15 22:12:529 INFO  HomePage :102 - Click on Search Option Button : [[ChromeDriver: chrome on WINDOWS (78264be5d3a0e885cfd19c4a85d30336)] -> xpath: //input[@id='salarymin']]
2021-12-15 22:12:679 INFO  HomePage :111 - Click on Search Option Button : [[ChromeDriver: chrome on WINDOWS (78264be5d3a0e885cfd19c4a85d30336)] -> xpath: //input[@id='salarymax']]
2021-12-15 22:12:772 INFO  HomePage :118 - Select Salary type : [[ChromeDriver: chrome on WINDOWS (78264be5d3a0e885cfd19c4a85d30336)] -> xpath: //select[@id='salarytype']]
2021-12-15 22:12:897 INFO  HomePage :125 - Select Job type : [[ChromeDriver: chrome on WINDOWS (78264be5d3a0e885cfd19c4a85d30336)] -> xpath: //select[@id='tempperm']]
2021-12-15 22:12:180 INFO  HomePage :132 - Click on 'ADD TO CART' Button[[ChromeDriver: chrome on WINDOWS (78264be5d3a0e885cfd19c4a85d30336)] -> xpath: //input[contains(@id,'hp-search-btn')]]
2021-12-15 22:12:870 INFO  ManageDriver :32 - Launching Chrome Browser
2021-12-15 22:12:42 INFO  HomePage :95 - Click on Search Option Button : [[ChromeDriver: chrome on WINDOWS (29548836ae572d1d244ec5ff86cea9de)] -> xpath: //button[@id='toggle-hp-search']]
2021-12-15 22:12:694 INFO  HomePage :72 - Enter job title [[ChromeDriver: chrome on WINDOWS (29548836ae572d1d244ec5ff86cea9de)] -> xpath: //input[@id='keywords']]
2021-12-15 22:12:927 INFO  HomePage :79 - Enter job Location [[ChromeDriver: chrome on WINDOWS (29548836ae572d1d244ec5ff86cea9de)] -> xpath: //input[@id='location']]
2021-12-15 22:12:63 INFO  HomePage :86 - select Distance : [[ChromeDriver: chrome on WINDOWS (29548836ae572d1d244ec5ff86cea9de)] -> xpath: //select[@id='distance']]
2021-12-15 22:12:242 INFO  HomePage :102 - Click on Search Option Button : [[ChromeDriver: chrome on WINDOWS (29548836ae572d1d244ec5ff86cea9de)] -> xpath: //input[@id='salarymin']]
2021-12-15 22:12:349 INFO  HomePage :111 - Click on Search Option Button : [[ChromeDriver: chrome on WINDOWS (29548836ae572d1d244ec5ff86cea9de)] -> xpath: //input[@id='salarymax']]
2021-12-15 22:12:611 INFO  HomePage :118 - Select Salary type : [[ChromeDriver: chrome on WINDOWS (29548836ae572d1d244ec5ff86cea9de)] -> xpath: //select[@id='salarytype']]
2021-12-15 22:12:805 INFO  HomePage :125 - Select Job type : [[ChromeDriver: chrome on WINDOWS (29548836ae572d1d244ec5ff86cea9de)] -> xpath: //select[@id='tempperm']]
2021-12-15 22:12:989 INFO  HomePage :132 - Click on 'ADD TO CART' Button[[ChromeDriver: chrome on WINDOWS (29548836ae572d1d244ec5ff86cea9de)] -> xpath: //input[contains(@id,'hp-search-btn')]]
2021-12-15 22:12:543 INFO  ManageDriver :32 - Launching Chrome Browser
2021-12-15 22:12:625 INFO  HomePage :95 - Click on Search Option Button : [[ChromeDriver: chrome on WINDOWS (247c3810a1ccd3afaf0d7031d5eab503)] -> xpath: //button[@id='toggle-hp-search']]
2021-12-15 22:12:324 INFO  HomePage :72 - Enter job title [[ChromeDriver: chrome on WINDOWS (247c3810a1ccd3afaf0d7031d5eab503)] -> xpath: //input[@id='keywords']]
2021-12-15 22:12:463 INFO  HomePage :79 - Enter job Location [[ChromeDriver: chrome on WINDOWS (247c3810a1ccd3afaf0d7031d5eab503)] -> xpath: //input[@id='location']]
2021-12-15 22:12:780 INFO  HomePage :86 - select Distance : [[ChromeDriver: chrome on WINDOWS (247c3810a1ccd3afaf0d7031d5eab503)] -> xpath: //select[@id='distance']]
2021-12-15 22:12:960 INFO  HomePage :102 - Click on Search Option Button : [[ChromeDriver: chrome on WINDOWS (247c3810a1ccd3afaf0d7031d5eab503)] -> xpath: //input[@id='salarymin']]
2021-12-15 22:12:73 INFO  HomePage :111 - Click on Search Option Button : [[ChromeDriver: chrome on WINDOWS (247c3810a1ccd3afaf0d7031d5eab503)] -> xpath: //input[@id='salarymax']]
2021-12-15 22:12:161 INFO  HomePage :118 - Select Salary type : [[ChromeDriver: chrome on WINDOWS (247c3810a1ccd3afaf0d7031d5eab503)] -> xpath: //select[@id='salarytype']]
2021-12-15 22:12:322 INFO  HomePage :125 - Select Job type : [[ChromeDriver: chrome on WINDOWS (247c3810a1ccd3afaf0d7031d5eab503)] -> xpath: //select[@id='tempperm']]
2021-12-15 22:12:454 INFO  HomePage :132 - Click on 'ADD TO CART' Button[[ChromeDriver: chrome on WINDOWS (247c3810a1ccd3afaf0d7031d5eab503)] -> xpath: //input[contains(@id,'hp-search-btn')]]
2021-12-15 22:12:21 INFO  ResultPage :37 - Result message: [[[ChromeDriver: chrome on WINDOWS (247c3810a1ccd3afaf0d7031d5eab503)] -> class: search-header__title]]
2021-12-15 22:12:138 INFO  ManageDriver :32 - Launching Chrome Browser
2021-12-15 22:12:638 INFO  HomePage :95 - Click on Search Option Button : [[ChromeDriver: chrome on WINDOWS (e5ab526ec1b086cd945b39a82fd1b74f)] -> xpath: //button[@id='toggle-hp-search']]
2021-12-15 22:12:230 INFO  HomePage :72 - Enter job title [[ChromeDriver: chrome on WINDOWS (e5ab526ec1b086cd945b39a82fd1b74f)] -> xpath: //input[@id='keywords']]
2021-12-15 22:12:540 INFO  HomePage :79 - Enter job Location [[ChromeDriver: chrome on WINDOWS (e5ab526ec1b086cd945b39a82fd1b74f)] -> xpath: //input[@id='location']]
2021-12-15 22:12:646 INFO  HomePage :86 - select Distance : [[ChromeDriver: chrome on WINDOWS (e5ab526ec1b086cd945b39a82fd1b74f)] -> xpath: //select[@id='distance']]
2021-12-15 22:12:896 INFO  HomePage :102 - Click on Search Option Button : [[ChromeDriver: chrome on WINDOWS (e5ab526ec1b086cd945b39a82fd1b74f)] -> xpath: //input[@id='salarymin']]
2021-12-15 22:12:45 INFO  HomePage :111 - Click on Search Option Button : [[ChromeDriver: chrome on WINDOWS (e5ab526ec1b086cd945b39a82fd1b74f)] -> xpath: //input[@id='salarymax']]
2021-12-15 22:12:122 INFO  HomePage :118 - Select Salary type : [[ChromeDriver: chrome on WINDOWS (e5ab526ec1b086cd945b39a82fd1b74f)] -> xpath: //select[@id='salarytype']]
2021-12-15 22:12:254 INFO  HomePage :125 - Select Job type : [[ChromeDriver: chrome on WINDOWS (e5ab526ec1b086cd945b39a82fd1b74f)] -> xpath: //select[@id='tempperm']]
2021-12-15 22:12:424 INFO  HomePage :132 - Click on 'ADD TO CART' Button[[ChromeDriver: chrome on WINDOWS (e5ab526ec1b086cd945b39a82fd1b74f)] -> xpath: //input[contains(@id,'hp-search-btn')]]
2021-12-15 22:12:741 INFO  ResultPage :37 - Result message: [[[ChromeDriver: chrome on WINDOWS (e5ab526ec1b086cd945b39a82fd1b74f)] -> class: search-header__title]]
